Library/Bee/Android/Prj/IL2CPP/Gradle/launcher/build/intermediates/manifest_merge_blame_file/release/manifest-merger-blame-release-report.txt
1<?xml version="1.0" encoding="utf-8"?>
2<manifest xmlns:android="http://schemas.android.com/apk/res/android"
3    package="com.DefaultCompany.Trivialvis"
4    android:installLocation="preferExternal"
5    android:versionCode="1"
6    android:versionName="0.1" >
7
8    <uses-sdk
9        android:minSdkVersion="24"
9-->src/main/AndroidManifest.xml
10        android:targetSdkVersion="32" />
10-->src/main/AndroidManifest.xml
11
12    <supports-screens
12-->src/main/AndroidManifest.xml:4:3-163
13        android:anyDensity="true"
13-->src/main/AndroidManifest.xml:4:135-160
14        android:largeScreens="true"
14-->src/main/AndroidManifest.xml:4:78-105
15        android:normalScreens="true"
15-->src/main/AndroidManifest.xml:4:49-77
16        android:smallScreens="true"
16-->src/main/AndroidManifest.xml:4:21-48
17        android:xlargeScreens="true" />
17-->src/main/AndroidManifest.xml:4:106-134
18
19    <uses-feature android:glEsVersion="0x00030000" />
19-->[:unityLibrary] AndroidManifest.xml:11:5-54
19-->[:unityLibrary] AndroidManifest.xml:11:19-51
20    <uses-feature
20-->[:unityLibrary] AndroidManifest.xml:12:5-14:36
21        android:name="android.hardware.vulkan.version"
21-->[:unityLibrary] AndroidManifest.xml:13:9-55
22        android:required="false" />
22-->[:unityLibrary] AndroidManifest.xml:14:9-33
23    <uses-feature
23-->[:unityLibrary] AndroidManifest.xml:15:5-17:36
24        android:name="android.hardware.touchscreen"
24-->[:unityLibrary] AndroidManifest.xml:16:9-52
25        android:required="false" />
25-->[:unityLibrary] AndroidManifest.xml:17:9-33
26    <uses-feature
26-->[:unityLibrary] AndroidManifest.xml:18:5-21:31
27        android:name="android.hardware.vr.headtracking"
27-->[:unityLibrary] AndroidManifest.xml:19:9-56
28        android:required="true"
28-->[:unityLibrary] AndroidManifest.xml:20:9-32
29        android:version="1" />
29-->[:unityLibrary] AndroidManifest.xml:21:9-28
30
31    <application
31-->src/main/AndroidManifest.xml:3:3-83
32        android:extractNativeLibs="true"
32-->[:unityLibrary] AndroidManifest.xml:23:18-50
33        android:icon="@mipmap/app_icon"
33-->src/main/AndroidManifest.xml:3:49-80
34        android:label="@string/app_name" >
34-->src/main/AndroidManifest.xml:3:16-48
35        <meta-data
35-->[:unityLibrary] AndroidManifest.xml:24:9-26:33
36            android:name="unity.splash-mode"
36-->[:unityLibrary] AndroidManifest.xml:25:13-45
37            android:value="0" />
37-->[:unityLibrary] AndroidManifest.xml:26:13-30
38        <meta-data
38-->[:unityLibrary] AndroidManifest.xml:27:9-29:36
39            android:name="unity.splash-enable"
39-->[:unityLibrary] AndroidManifest.xml:28:13-47
40            android:value="True" />
40-->[:unityLibrary] AndroidManifest.xml:29:13-33
41        <meta-data
41-->[:unityLibrary] AndroidManifest.xml:30:9-32:36
42            android:name="unity.launch-fullscreen"
42-->[:unityLibrary] AndroidManifest.xml:31:13-51
43            android:value="True" />
43-->[:unityLibrary] AndroidManifest.xml:32:13-33
44        <meta-data
44-->[:unityLibrary] AndroidManifest.xml:33:9-35:50
45            android:name="notch.config"
45-->[:unityLibrary] AndroidManifest.xml:34:13-40
46            android:value="portrait|landscape" />
46-->[:unityLibrary] AndroidManifest.xml:35:13-47
47        <meta-data
47-->[:unityLibrary] AndroidManifest.xml:36:9-38:36
48            android:name="unity.auto-report-fully-drawn"
48-->[:unityLibrary] AndroidManifest.xml:37:13-57
49            android:value="true" />
49-->[:unityLibrary] AndroidManifest.xml:38:13-33
50
51        <activity
51-->[:unityLibrary] AndroidManifest.xml:40:9-66:20
52            android:name="com.unity3d.player.UnityPlayerActivity"
52-->[:unityLibrary] AndroidManifest.xml:41:13-66
53            android:configChanges="keyboard|keyboardHidden|navigation|orientation|screenLayout|screenSize|uiMode|density"
53-->[:unityLibrary] AndroidManifest.xml:42:13-122
54            android:exported="true"
54-->[:unityLibrary] AndroidManifest.xml:43:13-36
55            android:hardwareAccelerated="false"
55-->[:unityLibrary] AndroidManifest.xml:44:13-48
56            android:launchMode="singleTask"
56-->[:unityLibrary] AndroidManifest.xml:45:13-44
57            android:resizeableActivity="false"
57-->[:unityLibrary] AndroidManifest.xml:46:13-47
58            android:screenOrientation="landscape"
58-->[:unityLibrary] AndroidManifest.xml:47:13-50
59            android:theme="@android:style/Theme.Black.NoTitleBar.Fullscreen" >
59-->[:unityLibrary] AndroidManifest.xml:48:13-77
60            <intent-filter>
60-->[:unityLibrary] AndroidManifest.xml:49:13-55:29
61                <category android:name="android.intent.category.LAUNCHER" />
61-->[:unityLibrary] AndroidManifest.xml:50:17-77
61-->[:unityLibrary] AndroidManifest.xml:50:27-74
62
63                <action android:name="android.intent.action.MAIN" />
63-->[:unityLibrary] AndroidManifest.xml:52:17-69
63-->[:unityLibrary] AndroidManifest.xml:52:25-66
64
65                <category android:name="com.oculus.intent.category.VR" />
65-->[:unityLibrary] AndroidManifest.xml:54:17-74
65-->[:unityLibrary] AndroidManifest.xml:54:27-71
66            </intent-filter>
67
68            <meta-data
68-->[:unityLibrary] AndroidManifest.xml:57:13-59:40
69                android:name="unityplayer.UnityActivity"
69-->[:unityLibrary] AndroidManifest.xml:58:17-57
70                android:value="true" />
70-->[:unityLibrary] AndroidManifest.xml:59:17-37
71            <meta-data
71-->[:unityLibrary] AndroidManifest.xml:60:13-62:40
72                android:name="notch_support"
72-->[:unityLibrary] AndroidManifest.xml:61:17-45
73                android:value="true" />
73-->[:unityLibrary] AndroidManifest.xml:62:17-37
74            <meta-data
74-->[:unityLibrary] AndroidManifest.xml:63:13-65:40
75                android:name="com.oculus.vr.focusaware"
75-->[:unityLibrary] AndroidManifest.xml:64:17-56
76                android:value="true" />
76-->[:unityLibrary] AndroidManifest.xml:65:17-37
77        </activity>
78
79        <meta-data
79-->[:unityLibrary] AndroidManifest.xml:68:9-70:39
80            android:name="com.samsung.android.vr.application.mode"
80-->[:unityLibrary] AndroidManifest.xml:69:13-67
81            android:value="vr_only" />
81-->[:unityLibrary] AndroidManifest.xml:70:13-36
82        <meta-data
82-->[:unityLibrary] AndroidManifest.xml:71:9-73:37
83            android:name="com.unity.xr.oculus.LowOverheadMode"
83-->[:unityLibrary] AndroidManifest.xml:72:13-63
84            android:value="false" />
84-->[:unityLibrary] AndroidManifest.xml:73:13-34
85        <meta-data
85-->[:unityLibrary] AndroidManifest.xml:74:9-76:37
86            android:name="com.unity.xr.oculus.LateLatching"
86-->[:unityLibrary] AndroidManifest.xml:75:13-60
87            android:value="false" />
87-->[:unityLibrary] AndroidManifest.xml:76:13-34
88        <meta-data
88-->[:unityLibrary] AndroidManifest.xml:77:9-79:37
89            android:name="com.unity.xr.oculus.LateLatchingDebug"
89-->[:unityLibrary] AndroidManifest.xml:78:13-65
90            android:value="false" />
90-->[:unityLibrary] AndroidManifest.xml:79:13-34
91        <meta-data
91-->[:unityLibrary] AndroidManifest.xml:80:9-82:38
92            android:name="com.oculus.supportedDevices"
92-->[:unityLibrary] AndroidManifest.xml:81:13-55
93            android:value="quest2" />
93-->[:unityLibrary] AndroidManifest.xml:82:13-35
94    </application>
95
96</manifest>